<?xml version="1.0" encoding="UTF-8"?>
<!-- Generated by org.testng.reporters.JUnitXMLReporter -->
<testsuite ignored="2" hostname="SeleniumTesBox" failures="0" tests="1" name="Default test" time="1.731" errors="0" timestamp="2022-01-18T17:22:37 CST">
  <testcase classname="com.mycompany.app.AppTest" name="formyTest" time="0.269"/>
  <testcase classname="com.mycompany.app.AppTest" name="chromeDriverTest" time="0.0">
    <ignored/>
  </testcase> <!-- chromeDriverTest -->
  <testcase classname="com.mycompany.app.AppTest" name="geckoDriverTest" time="0.0">
    <ignored/>
  </testcase> <!-- geckoDriverTest -->
</testsuite> <!-- Default test -->
