<?xml version="1.0" encoding="UTF-8"?>
<testng-results ignored="2" total="3" passed="1" failed="0" skipped="0">
  <reporter-output>
  </reporter-output>
  <suite started-at="2022-01-18T17:22:35 CST" name="Default suite" finished-at="2022-01-18T17:22:37 CST" duration-ms="1731">
    <groups>
    </groups>
    <test started-at="2022-01-18T17:22:35 CST" name="Default test" finished-at="2022-01-18T17:22:37 CST" duration-ms="1731">
      <class name="com.mycompany.app.AppTest">
        <test-method is-config="true" signature="abstractBeforeTest()[pri:0, instance:com.mycompany.app.AppTest@66d57c1b]" started-at="2022-01-18T17:22:35 CST" name="abstractBeforeTest" finished-at="2022-01-18T17:22:36 CST" duration-ms="1173" status="PASS">
          <reporter-output>
          </reporter-output>
        </test-method> <!-- abstractBeforeTest -->
        <test-method signature="formyTest()[pri:0, instance:com.mycompany.app.AppTest@66d57c1b]" started-at="2022-01-18T17:22:36 CST" name="formyTest" finished-at="2022-01-18T17:22:37 CST" duration-ms="269" status="PASS">
          <reporter-output>
          </reporter-output>
        </test-method> <!-- formyTest -->
        <test-method is-config="true" signature="abstractTearDownAFterTest()[pri:0, instance:com.mycompany.app.AppTest@66d57c1b]" started-at="2022-01-18T17:22:37 CST" name="abstractTearDownAFterTest" finished-at="2022-01-18T17:22:37 CST" duration-ms="173" status="PASS">
          <reporter-output>
          </reporter-output>
        </test-method> <!-- abstractTearDownAFterTest -->
      </class> <!-- com.mycompany.app.AppTest -->
    </test> <!-- Default test -->
  </suite> <!-- Default suite -->
</testng-results>
